<?xml version="1.0" encoding="UTF-8"?>
<!-- Generated by org.testng.reporters.JUnitXMLReporter -->
<testsuite hostname="Manishs-MacBook-Air.local" ignored="0" name="BVT" tests="1" failures="0" timestamp="13 Jan 2018 15:51:09 GMT" time="0.028" errors="0">
  <testcase name="@BeforeSuite startAppiumServer" time="0.035" classname="Automation.StartAppiumServer">
    <failure type="io.appium.java_client.service.local.InvalidServerInstanceException" message="Invalid server instance exception has occured: The invalid appium node /Applications/Appium.app/Contents/Resources/app/node_modules/appium/build/lib/main.js has been defined">
      <![CDATA[io.appium.java_client.service.local.InvalidServerInstanceException: Invalid server instance exception has occured: The invalid appium node /Applications/Appium.app/Contents/Resources/app/node_modules/appium/build/lib/main.js has been definedat io.appium.java_client.service.local.AppiumServiceBuilder.validateNodeStructure(AppiumServiceBuilder.java:102)at io.appium.java_client.service.local.AppiumServiceBuilder.checkAppiumJS(AppiumServiceBuilder.java:294)at io.appium.java_client.service.local.AppiumServiceBuilder.createArgs(AppiumServiceBuilder.java:389)at org.openqa.selenium.remote.service.DriverService$Builder.build(DriverService.java:342)at Automation.StartAppiumServer.startAppiumServer(StartAppiumServer.java:22)Caused by: java.io.IOException: The node /Applications/Appium.app/Contents/Resources/app/node_modules/appium/build/lib/main.jsdoesn't existat io.appium.java_client.service.local.AppiumServiceBuilder.validateNodeStructure(AppiumServiceBuilder.java:104)... 24 more... Removed 20 stack frames]]>
    </failure>
  </testcase> <!-- @BeforeSuite startAppiumServer -->
  <testcase name="Test" time="0.0" classname="Automation.DemoTest">
    <skipped/>
  </testcase> <!-- Test -->
</testsuite> <!-- BVT -->
